[0m2022.01.01 17:19:30 INFO  Started: Metals version 0.10.9 in workspace 'D:\Coursera\Scala\scala-project' for client Visual Studio Code 1.63.0.[0m
[0m2022.01.01 17:19:31 INFO  time: initialize in 1.11s[0m
[0m2022.01.01 17:19:31 WARN  Build server is not auto-connectable.[0m
[0m2022.01.01 17:19:47 INFO  running 'C:\Users\Saahil Nayyer\AppData\Local\Coursier\cache\jvm\adopt@1.11.0-11\bin\java -Djline.terminal=jline.UnsupportedTerminal -Dsbt.log.noformat=true -Dfile.encoding=UTF-8 -jar C:\Users\SAAHIL~1\AppData\Local\Temp\metals798442713923796150\sbt-launch.jar -Dbloop.export-jar-classifiers=sources bloopInstall'[0m
[0m2022.01.01 17:19:48 ERROR [info] [launcher] getting org.scala-sbt sbt 1.5.2  (this may take some time)...[0m
[0m2022.01.01 17:20:24 ERROR downloading https://repo1.maven.org/maven2/org/scala-lang/scala-library/2.12.13/scala-library-2.12.13.jar ...[0m
[0m2022.01.01 17:20:24 ERROR downloading https://repo1.maven.org/maven2/org/scala-sbt/sbt/1.5.2/sbt-1.5.2.jar ...[0m
[0m2022.01.01 17:20:24 ERROR downloading https://repo1.maven.org/maven2/org/scala-sbt/main_2.12/1.5.2/main_2.12-1.5.2.jar ...[0m
[0m2022.01.01 17:20:24 ERROR downloading https://repo1.maven.org/maven2/org/scala-sbt/run_2.12/1.5.2/run_2.12-1.5.2.jar ...[0m
[0m2022.01.01 17:20:24 ERROR downloading https://repo1.maven.org/maven2/org/scala-sbt/actions_2.12/1.5.2/actions_2.12-1.5.2.jar ...[0m
[0m2022.01.01 17:20:24 ERROR downloading https://repo1.maven.org/maven2/org/scala-sbt/logic_2.12/1.5.2/logic_2.12-1.5.2.jar ...[0m
[0m2022.01.01 17:20:24 ERROR downloading https://repo1.maven.org/maven2/org/scala-sbt/collections_2.12/1.5.2/collections_2.12-1.5.2.jar ...[0m
[0m2022.01.01 17:20:24 ERROR downloading https://repo1.maven.org/maven2/org/scala-sbt/command_2.12/1.5.2/command_2.12-1.5.2.jar ...[0m
[0m2022.01.01 17:20:24 ERROR downloading https://repo1.maven.org/maven2/org/scala-sbt/io_2.12/1.5.0/io_2.12-1.5.0.jar ...[0m
[0m2022.01.01 17:20:24 ERROR downloading https://repo1.maven.org/maven2/org/scala-sbt/scripted-plugin_2.12/1.5.2/scripted-plugin_2.12-1.5.2.jar ...[0m
[0m2022.01.01 17:20:24 ERROR downloading https://repo1.maven.org/maven2/org/scala-sbt/main-settings_2.12/1.5.2/main-settings_2.12-1.5.2.jar ...[0m
[0m2022.01.01 17:20:24 ERROR downloading https://repo1.maven.org/maven2/org/scala-sbt/zinc-lm-integration_2.12/1.5.2/zinc-lm-integration_2.12-1.5.2.jar ...[0m
[0m2022.01.01 17:20:24 ERROR :: loading settings :: url = jar:file:/C:/Users/Saahil%20Nayyer/AppData/Local/Temp/metals798442713923796150/sbt-launch.jar!/org/apache/ivy/core/settings/ivysettings.xml[0m
[0m2022.01.01 17:20:24 ERROR :: loading settings :: url = jar:file:/C:/Users/Saahil%20Nayyer/AppData/Local/Temp/metals798442713923796150/sbt-launch.jar!/org/apache/ivy/core/settings/ivysettings.xml[0m
[0m2022.01.01 17:20:24 ERROR :: loading settings :: url = jar:file:/C:/Users/Saahil%20Nayyer/AppData/Local/Temp/metals798442713923796150/sbt-launch.jar!/org/apache/ivy/core/settings/ivysettings.xml[0m
[0m2022.01.01 17:20:24 ERROR :: loading settings :: url = jar:file:/C:/Users/Saahil%20Nayyer/AppData/Local/Temp/metals798442713923796150/sbt-launch.jar!/org/apache/ivy/core/settings/ivysettings.xml[0m
[0m2022.01.01 17:20:24 ERROR :: loading settings :: url = jar:file:/C:/Users/Saahil%20Nayyer/AppData/Local/Temp/metals798442713923796150/sbt-launch.jar!/org/apache/ivy/core/settings/ivysettings.xml[0m
[0m2022.01.01 17:20:24 ERROR :: loading settings :: url = jar:file:/C:/Users/Saahil%20Nayyer/AppData/Local/Temp/metals798442713923796150/sbt-launch.jar!/org/apache/ivy/core/settings/ivysettings.xml[0m
[0m2022.01.01 17:20:24 ERROR :: loading settings :: url = jar:file:/C:/Users/Saahil%20Nayyer/AppData/Local/Temp/metals798442713923796150/sbt-launch.jar!/org/apache/ivy/core/settings/ivysettings.xml[0m
[0m2022.01.01 17:20:24 ERROR :: loading settings :: url = jar:file:/C:/Users/Saahil%20Nayyer/AppData/Local/Temp/metals798442713923796150/sbt-launch.jar!/org/apache/ivy/core/settings/ivysettings.xml[0m
[0m2022.01.01 17:20:24 ERROR :: loading settings :: url = jar:file:/C:/Users/Saahil%20Nayyer/AppData/Local/Temp/metals798442713923796150/sbt-launch.jar!/org/apache/ivy/core/settings/ivysettings.xml[0m
[0m2022.01.01 17:20:24 ERROR :: loading settings :: url = jar:file:/C:/Users/Saahil%20Nayyer/AppData/Local/Temp/metals798442713923796150/sbt-launch.jar!/org/apache/ivy/core/settings/ivysettings.xml[0m
[0m2022.01.01 17:20:24 ERROR :: loading settings :: url = jar:file:/C:/Users/Saahil%20Nayyer/AppData/Local/Temp/metals798442713923796150/sbt-launch.jar!/org/apache/ivy/core/settings/ivysettings.xml[0m
[0m2022.01.01 17:20:24 ERROR :: loading settings :: url = jar:file:/C:/Users/Saahil%20Nayyer/AppData/Local/Temp/metals798442713923796150/sbt-launch.jar!/org/apache/ivy/core/settings/ivysettings.xml[0m
[0m2022.01.01 17:20:24 ERROR 	[SUCCESSFUL ] org.scala-sbt#zinc-lm-integration_2.12;1.5.2!zinc-lm-integration_2.12.jar (102ms)[0m
[0m2022.01.01 17:20:24 ERROR downloading https://repo1.maven.org/maven2/org/scala-sbt/util-logging_2.12/1.5.2/util-logging_2.12-1.5.2.jar ...[0m
[0m2022.01.01 17:20:24 ERROR 	[SUCCESSFUL ] org.scala-sbt#scripted-plugin_2.12;1.5.2!scripted-plugin_2.12.jar (203ms)[0m
[0m2022.01.01 17:20:24 ERROR downloading https://repo1.maven.org/maven2/org/scala-lang/modules/scala-xml_2.12/1.3.0/scala-xml_2.12-1.3.0.jar ...[0m
[0m2022.01.01 17:20:24 ERROR 	[SUCCESSFUL ] org.scala-sbt#sbt;1.5.2!sbt.jar (277ms)[0m
[0m2022.01.01 17:20:24 ERROR downloading https://repo1.maven.org/maven2/org/scala-sbt/launcher-interface/1.3.1/launcher-interface-1.3.1.jar ...[0m
[0m2022.01.01 17:20:24 ERROR 	[SUCCESSFUL ] org.scala-sbt#actions_2.12;1.5.2!actions_2.12.jar (363ms)[0m
[0m2022.01.01 17:20:24 ERROR downloading https://repo1.maven.org/maven2/com/github/ben-manes/caffeine/caffeine/2.8.5/caffeine-2.8.5.jar ...[0m
[0m2022.01.01 17:20:24 ERROR 	[SUCCESSFUL ] org.scala-sbt#logic_2.12;1.5.2!logic_2.12.jar (378ms)[0m
[0m2022.01.01 17:20:24 ERROR downloading https://repo1.maven.org/maven2/io/get-coursier/lm-coursier-shaded_2.12/2.0.8/lm-coursier-shaded_2.12-2.0.8.jar ...[0m
[0m2022.01.01 17:20:24 ERROR 	[SUCCESSFUL ] org.scala-sbt#run_2.12;1.5.2!run_2.12.jar (438ms)[0m
[0m2022.01.01 17:20:24 ERROR downloading https://repo1.maven.org/maven2/org/apache/logging/log4j/log4j-api/2.11.2/log4j-api-2.11.2.jar ...[0m
[0m2022.01.01 17:20:24 ERROR 	[SUCCESSFUL ] org.scala-sbt#collections_2.12;1.5.2!collections_2.12.jar (472ms)[0m
[0m2022.01.01 17:20:24 ERROR downloading https://repo1.maven.org/maven2/org/apache/logging/log4j/log4j-core/2.11.2/log4j-core-2.11.2.jar ...[0m
[0m2022.01.01 17:20:24 ERROR 	[SUCCESSFUL ] org.scala-sbt#launcher-interface;1.3.1!launcher-interface.jar (342ms)[0m
[0m2022.01.01 17:20:24 ERROR downloading https://repo1.maven.org/maven2/org/apache/logging/log4j/log4j-slf4j-impl/2.11.2/log4j-slf4j-impl-2.11.2.jar ...[0m
[0m2022.01.01 17:20:24 ERROR 	[SUCCESSFUL ] org.scala-sbt#command_2.12;1.5.2!command_2.12.jar (676ms)[0m
[0m2022.01.01 17:20:24 ERROR downloading https://repo1.maven.org/maven2/org/scala-sbt/librarymanagement-core_2.12/1.5.0/librarymanagement-core_2.12-1.5.0.jar ...[0m
[0m2022.01.01 17:20:24 ERROR 	[SUCCESSFUL ] org.scala-sbt#io_2.12;1.5.0!io_2.12.jar (731ms)[0m
[0m2022.01.01 17:20:24 ERROR downloading https://repo1.maven.org/maven2/org/scala-sbt/librarymanagement-ivy_2.12/1.5.0/librarymanagement-ivy_2.12-1.5.0.jar ...[0m
[0m2022.01.01 17:20:24 ERROR 	[SUCCESSFUL ] org.scala-sbt#main-settings_2.12;1.5.2!main-settings_2.12.jar (757ms)[0m
[0m2022.01.01 17:20:24 ERROR downloading https://repo1.maven.org/maven2/org/scala-sbt/compiler-interface/1.5.3/compiler-interface-1.5.3.jar ...[0m
[0m2022.01.01 17:20:24 ERROR 	[SUCCESSFUL ] org.scala-sbt#util-logging_2.12;1.5.2!util-logging_2.12.jar (675ms)[0m
[0m2022.01.01 17:20:24 ERROR 	[SUCCESSFUL ] org.scala-lang.modules#scala-xml_2.12;1.3.0!scala-xml_2.12.jar(bundle) (574ms)[0m
[0m2022.01.01 17:20:24 ERROR downloading https://repo1.maven.org/maven2/org/scala-sbt/util-relation_2.12/1.5.2/util-relation_2.12-1.5.2.jar ...[0m
[0m2022.01.01 17:20:24 ERROR downloading https://repo1.maven.org/maven2/org/scala-sbt/zinc-compile_2.12/1.5.3/zinc-compile_2.12-1.5.3.jar ...[0m
[0m2022.01.01 17:20:24 ERROR 	[SUCCESSFUL ] org.apache.logging.log4j#log4j-api;2.11.2!log4j-api.jar (432ms)[0m
[0m2022.01.01 17:20:24 ERROR downloading https://repo1.maven.org/maven2/org/scala-sbt/util-position_2.12/1.5.2/util-position_2.12-1.5.2.jar ...[0m
[0m2022.01.01 17:20:24 ERROR 	[SUCCESSFUL ] org.apache.logging.log4j#log4j-slf4j-impl;2.11.2!log4j-slf4j-impl.jar (295ms)[0m
[0m2022.01.01 17:20:24 ERROR downloading https://repo1.maven.org/maven2/com/eed3si9n/sjson-new-scalajson_2.12/0.9.1/sjson-new-scalajson_2.12-0.9.1.jar ...[0m
[0m2022.01.01 17:20:25 ERROR 	[SUCCESSFUL ] org.scala-sbt#compiler-interface;1.5.3!compiler-interface.jar (289ms)[0m
[0m2022.01.01 17:20:25 ERROR downloading https://repo1.maven.org/maven2/org/scala-lang/scala-reflect/2.12.13/scala-reflect-2.12.13.jar ...[0m
[0m2022.01.01 17:20:25 ERROR 	[SUCCESSFUL ] org.scala-sbt#util-relation_2.12;1.5.2!util-relation_2.12.jar (271ms)[0m
[0m2022.01.01 17:20:25 ERROR downloading https://repo1.maven.org/maven2/com/eed3si9n/sjson-new-core_2.12/0.9.1/sjson-new-core_2.12-0.9.1.jar ...[0m
[0m2022.01.01 17:20:25 ERROR 	[SUCCESSFUL ] org.scala-sbt#zinc-compile_2.12;1.5.3!zinc-compile_2.12.jar (297ms)[0m
[0m2022.01.01 17:20:25 ERROR downloading https://repo1.maven.org/maven2/com/eed3si9n/shaded-jawn-parser_2.12/0.9.1/shaded-jawn-parser_2.12-0.9.1.jar ...[0m
[0m2022.01.01 17:20:25 ERROR 	[SUCCESSFUL ] org.scala-sbt#util-position_2.12;1.5.2!util-position_2.12.jar (246ms)[0m
[0m2022.01.01 17:20:25 ERROR downloading https://repo1.maven.org/maven2/com/eed3si9n/shaded-scalajson_2.12/1.0.0-M4/shaded-scalajson_2.12-1.0.0-M4.jar ...[0m
[0m2022.01.01 17:20:25 ERROR 	[SUCCESSFUL ] com.github.ben-manes.caffeine#caffeine;2.8.5!caffeine.jar (818ms)[0m
[0m2022.01.01 17:20:25 ERROR downloading https://repo1.maven.org/maven2/org/scala-sbt/completion_2.12/1.5.2/completion_2.12-1.5.2.jar ...[0m
[0m2022.01.01 17:20:25 ERROR 	[SUCCESSFUL ] com.eed3si9n#sjson-new-scalajson_2.12;0.9.1!sjson-new-scalajson_2.12.jar (287ms)[0m
[0m2022.01.01 17:20:25 ERROR downloading https://repo1.maven.org/maven2/org/scala-sbt/task-system_2.12/1.5.2/task-system_2.12-1.5.2.jar ...[0m
[0m2022.01.01 17:20:25 ERROR 	[SUCCESSFUL ] com.eed3si9n#shaded-jawn-parser_2.12;0.9.1!shaded-jawn-parser_2.12.jar (194ms)[0m
[0m2022.01.01 17:20:25 ERROR downloading https://repo1.maven.org/maven2/org/scala-sbt/tasks_2.12/1.5.2/tasks_2.12-1.5.2.jar ...[0m
[0m2022.01.01 17:20:25 ERROR 	[SUCCESSFUL ] org.scala-sbt#librarymanagement-ivy_2.12;1.5.0!librarymanagement-ivy_2.12.jar (715ms)[0m
[0m2022.01.01 17:20:25 ERROR downloading https://repo1.maven.org/maven2/org/scala-sbt/testing_2.12/1.5.2/testing_2.12-1.5.2.jar ...[0m
[0m2022.01.01 17:20:25 ERROR 	[SUCCESSFUL ] org.scala-sbt#librarymanagement-core_2.12;1.5.0!librarymanagement-core_2.12.jar (774ms)[0m
[0m2022.01.01 17:20:25 ERROR downloading https://repo1.maven.org/maven2/org/scala-sbt/util-tracking_2.12/1.5.2/util-tracking_2.12-1.5.2.jar ...[0m
[0m2022.01.01 17:20:25 ERROR 	[SUCCESSFUL ] com.eed3si9n#shaded-scalajson_2.12;1.0.0-M4!shaded-scalajson_2.12.jar (337ms)[0m
[0m2022.01.01 17:20:25 ERROR downloading https://repo1.maven.org/maven2/org/jline/jline-terminal/3.19.0/jline-terminal-3.19.0.jar ...[0m
[0m2022.01.01 17:20:25 ERROR 	[SUCCESSFUL ] org.scala-sbt#tasks_2.12;1.5.2!tasks_2.12.jar (198ms)[0m
[0m2022.01.01 17:20:25 ERROR downloading https://repo1.maven.org/maven2/org/scala-sbt/zinc-classpath_2.12/1.5.3/zinc-classpath_2.12-1.5.3.jar ...[0m
[0m2022.01.01 17:20:25 ERROR 	[SUCCESSFUL ] org.scala-sbt#completion_2.12;1.5.2!completion_2.12.jar (286ms)[0m
[0m2022.01.01 17:20:25 ERROR downloading https://repo1.maven.org/maven2/org/scala-sbt/zinc-apiinfo_2.12/1.5.3/zinc-apiinfo_2.12-1.5.3.jar ...[0m
[0m2022.01.01 17:20:25 ERROR 	[SUCCESSFUL ] org.scala-sbt#task-system_2.12;1.5.2!task-system_2.12.jar (304ms)[0m
[0m2022.01.01 17:20:25 ERROR downloading https://repo1.maven.org/maven2/org/scala-sbt/zinc_2.12/1.5.3/zinc_2.12-1.5.3.jar ...[0m
[0m2022.01.01 17:20:25 ERROR 	[SUCCESSFUL ] org.scala-sbt#util-tracking_2.12;1.5.2!util-tracking_2.12.jar (241ms)[0m
[0m2022.01.01 17:20:25 ERROR downloading https://repo1.maven.org/maven2/org/scala-sbt/util-control_2.12/1.5.2/util-control_2.12-1.5.2.jar ...[0m
[0m2022.01.01 17:20:25 ERROR 	[SUCCESSFUL ] org.scala-sbt#zinc-classpath_2.12;1.5.3!zinc-classpath_2.12.jar (294ms)[0m
[0m2022.01.01 17:20:25 ERROR downloading https://repo1.maven.org/maven2/org/scala-sbt/jline/jline/2.14.7-sbt-a1b0ffbb8f64bb820f4f84a0c07a0c0964507493/jline-2.14.7-sbt-a1b0ffbb8f64bb820f4f84a0c07a0c0964507493.jar ...[0m
[0m2022.01.01 17:20:25 ERROR 	[SUCCESSFUL ] org.scala-sbt#zinc_2.12;1.5.3!zinc_2.12.jar (271ms)[0m
[0m2022.01.01 17:20:25 ERROR downloading https://repo1.maven.org/maven2/org/jline/jline-reader/3.19.0/jline-reader-3.19.0.jar ...[0m
[0m2022.01.01 17:20:25 ERROR 	[SUCCESSFUL ] org.scala-sbt#zinc-apiinfo_2.12;1.5.3!zinc-apiinfo_2.12.jar (310ms)[0m
[0m2022.01.01 17:20:25 ERROR downloading https://repo1.maven.org/maven2/org/jline/jline-builtins/3.19.0/jline-builtins-3.19.0.jar ...[0m
[0m2022.01.01 17:20:25 ERROR 	[SUCCESSFUL ] org.jline#jline-terminal;3.19.0!jline-terminal.jar (327ms)[0m
[0m2022.01.01 17:20:25 ERROR downloading https://repo1.maven.org/maven2/org/scala-sbt/util-interface/1.5.2/util-interface-1.5.2.jar ...[0m
[0m2022.01.01 17:20:25 ERROR 	[SUCCESSFUL ] org.scala-sbt#testing_2.12;1.5.2!testing_2.12.jar (336ms)[0m
[0m2022.01.01 17:20:25 ERROR downloading https://repo1.maven.org/maven2/org/scala-sbt/core-macros_2.12/1.5.2/core-macros_2.12-1.5.2.jar ...[0m
[0m2022.01.01 17:20:25 ERROR 	[SUCCESSFUL ] org.apache.logging.log4j#log4j-core;2.11.2!log4j-core.jar (1386ms)[0m
[0m2022.01.01 17:20:25 ERROR downloading https://repo1.maven.org/maven2/org/jline/jline-terminal-jna/3.19.0/jline-terminal-jna-3.19.0.jar ...[0m
[0m2022.01.01 17:20:25 ERROR 	[SUCCESSFUL ] org.scala-sbt#core-macros_2.12;1.5.2!core-macros_2.12.jar (140ms)[0m
[0m2022.01.01 17:20:25 ERROR downloading https://repo1.maven.org/maven2/org/jline/jline-terminal-jansi/3.19.0/jline-terminal-jansi-3.19.0.jar ...[0m
[0m2022.01.01 17:20:25 ERROR 	[SUCCESSFUL ] org.scala-sbt#util-control_2.12;1.5.2!util-control_2.12.jar (297ms)[0m
[0m2022.01.01 17:20:25 ERROR downloading https://repo1.maven.org/maven2/com/lmax/disruptor/3.4.2/disruptor-3.4.2.jar ...[0m
[0m2022.01.01 17:20:25 ERROR 	[SUCCESSFUL ] org.jline#jline-reader;3.19.0!jline-reader.jar (237ms)[0m
[0m2022.01.01 17:20:25 ERROR downloading https://repo1.maven.org/maven2/org/scala-lang/scala-compiler/2.12.13/scala-compiler-2.12.13.jar ...[0m
[0m2022.01.01 17:20:25 ERROR 	[SUCCESSFUL ] org.jline#jline-terminal-jna;3.19.0!jline-terminal-jna.jar (157ms)[0m
[0m2022.01.01 17:20:25 ERROR downloading https://repo1.maven.org/maven2/org/fusesource/jansi/jansi/2.1.0/jansi-2.1.0.jar ...[0m
[0m2022.01.01 17:20:26 ERROR 	[SUCCESSFUL ] org.scala-sbt.jline#jline;2.14.7-sbt-a1b0ffbb8f64bb820f4f84a0c07a0c0964507493!jline.jar (287ms)[0m
[0m2022.01.01 17:20:26 ERROR downloading https://repo1.maven.org/maven2/com/swoval/file-tree-views/2.1.6/file-tree-views-2.1.6.jar ...[0m
[0m2022.01.01 17:20:26 ERROR 	[SUCCESSFUL ] org.scala-sbt#util-interface;1.5.2!util-interface.jar (275ms)[0m
[0m2022.01.01 17:20:26 ERROR downloading https://repo1.maven.org/maven2/net/java/dev/jna/jna/5.5.0/jna-5.5.0.jar ...[0m
[0m2022.01.01 17:20:26 ERROR 	[SUCCESSFUL ] com.eed3si9n#sjson-new-core_2.12;0.9.1!sjson-new-core_2.12.jar (1015ms)[0m
[0m2022.01.01 17:20:26 ERROR downloading https://repo1.maven.org/maven2/net/java/dev/jna/jna-platform/5.5.0/jna-platform-5.5.0.jar ...[0m
[0m2022.01.01 17:20:26 ERROR 	[SUCCESSFUL ] org.jline#jline-builtins;3.19.0!jline-builtins.jar (295ms)[0m
[0m2022.01.01 17:20:26 ERROR downloading https://repo1.maven.org/maven2/org/jline/jline-style/3.19.0/jline-style-3.19.0.jar ...[0m
[0m2022.01.01 17:20:26 ERROR 	[SUCCESSFUL ] org.jline#jline-terminal-jansi;3.19.0!jline-terminal-jansi.jar (178ms)[0m
[0m2022.01.01 17:20:26 ERROR downloading https://repo1.maven.org/maven2/org/scala-sbt/util-cache_2.12/1.5.2/util-cache_2.12-1.5.2.jar ...[0m
[0m2022.01.01 17:20:26 ERROR 	[SUCCESSFUL ] com.lmax#disruptor;3.4.2!disruptor.jar (230ms)[0m
[0m2022.01.01 17:20:26 ERROR downloading https://repo1.maven.org/maven2/com/eed3si9n/sjson-new-murmurhash_2.12/0.9.1/sjson-new-murmurhash_2.12-0.9.1.jar ...[0m
[0m2022.01.01 17:20:26 ERROR 	[SUCCESSFUL ] org.jline#jline-style;3.19.0!jline-style.jar (315ms)[0m
[0m2022.01.01 17:20:26 ERROR downloading https://repo1.maven.org/maven2/org/scala-sbt/test-agent/1.5.2/test-agent-1.5.2.jar ...[0m
[0m2022.01.01 17:20:26 ERROR 	[SUCCESSFUL ] org.scala-sbt#util-cache_2.12;1.5.2!util-cache_2.12.jar (334ms)[0m
[0m2022.01.01 17:20:26 ERROR downloading https://repo1.maven.org/maven2/org/scala-sbt/test-interface/1.0/test-interface-1.0.jar ...[0m
[0m2022.01.01 17:20:26 ERROR 	[SUCCESSFUL ] org.fusesource.jansi#jansi;2.1.0!jansi.jar (466ms)[0m
[0m2022.01.01 17:20:26 ERROR downloading https://repo1.maven.org/maven2/org/scala-sbt/compiler-bridge_2.12/1.5.3/compiler-bridge_2.12-1.5.3.jar ...[0m
[0m2022.01.01 17:20:26 ERROR 	[SUCCESSFUL ] com.eed3si9n#sjson-new-murmurhash_2.12;0.9.1!sjson-new-murmurhash_2.12.jar (340ms)[0m
[0m2022.01.01 17:20:26 ERROR downloading https://repo1.maven.org/maven2/org/scala-sbt/zinc-classfile_2.12/1.5.3/zinc-classfile_2.12-1.5.3.jar ...[0m
[0m2022.01.01 17:20:26 ERROR 	[SUCCESSFUL ] com.swoval#file-tree-views;2.1.6!file-tree-views.jar (566ms)[0m
[0m2022.01.01 17:20:26 ERROR downloading https://repo1.maven.org/maven2/com/jcraft/jsch/0.1.54/jsch-0.1.54.jar ...[0m
[0m2022.01.01 17:20:26 ERROR 	[SUCCESSFUL ] org.scala-sbt#test-agent;1.5.2!test-agent.jar (296ms)[0m
[0m2022.01.01 17:20:26 ERROR downloading https://repo1.maven.org/maven2/com/eed3si9n/gigahorse-okhttp_2.12/0.5.0/gigahorse-okhttp_2.12-0.5.0.jar ...[0m
[0m2022.01.01 17:20:26 ERROR 	[SUCCESSFUL ] org.scala-sbt#test-interface;1.0!test-interface.jar (292ms)[0m
[0m2022.01.01 17:20:26 ERROR downloading https://repo1.maven.org/maven2/com/squareup/okhttp3/okhttp-urlconnection/3.7.0/okhttp-urlconnection-3.7.0.jar ...[0m
[0m2022.01.01 17:20:26 ERROR 	[SUCCESSFUL ] org.scala-sbt#main_2.12;1.5.2!main_2.12.jar (2800ms)[0m
[0m2022.01.01 17:20:26 ERROR downloading https://repo1.maven.org/maven2/com/eed3si9n/gigahorse-core_2.12/0.5.0/gigahorse-core_2.12-0.5.0.jar ...[0m
[0m2022.01.01 17:20:26 ERROR 	[SUCCESSFUL ] org.scala-sbt#zinc-classfile_2.12;1.5.3!zinc-classfile_2.12.jar (282ms)[0m
[0m2022.01.01 17:20:26 ERROR downloading https://repo1.maven.org/maven2/com/squareup/okhttp3/okhttp/3.14.2/okhttp-3.14.2.jar ...[0m
[0m2022.01.01 17:20:26 ERROR 	[SUCCESSFUL ] org.scala-sbt#compiler-bridge_2.12;1.5.3!compiler-bridge_2.12.jar (461ms)[0m
[0m2022.01.01 17:20:26 ERROR downloading https://repo1.maven.org/maven2/com/typesafe/ssl-config-core_2.12/0.4.0/ssl-config-core_2.12-0.4.0.jar ...[0m
[0m2022.01.01 17:20:26 ERROR 	[SUCCESSFUL ] com.eed3si9n#gigahorse-okhttp_2.12;0.5.0!gigahorse-okhttp_2.12.jar (296ms)[0m
[0m2022.01.01 17:20:26 ERROR downloading https://repo1.maven.org/maven2/org/reactivestreams/reactive-streams/1.0.2/reactive-streams-1.0.2.jar ...[0m
[0m2022.01.01 17:20:26 ERROR 	[SUCCESSFUL ] com.squareup.okhttp3#okhttp-urlconnection;3.7.0!okhttp-urlconnection.jar (302ms)[0m
[0m2022.01.01 17:20:26 ERROR downloading https://repo1.maven.org/maven2/org/slf4j/slf4j-api/1.7.26/slf4j-api-1.7.26.jar ...[0m
[0m2022.01.01 17:20:27 ERROR 	[SUCCESSFUL ] org.reactivestreams#reactive-streams;1.0.2!reactive-streams.jar (226ms)[0m
[0m2022.01.01 17:20:27 ERROR downloading https://repo1.maven.org/maven2/org/scala-lang/modules/scala-parser-combinators_2.12/1.1.2/scala-parser-combinators_2.12-1.1.2.jar ...[0m
[0m2022.01.01 17:20:27 ERROR 	[SUCCESSFUL ] com.eed3si9n#gigahorse-core_2.12;0.5.0!gigahorse-core_2.12.jar (451ms)[0m
[0m2022.01.01 17:20:27 ERROR downloading https://repo1.maven.org/maven2/com/typesafe/config/1.3.3/config-1.3.3.jar ...[0m
[0m2022.01.01 17:20:27 ERROR 	[SUCCESSFUL ] net.java.dev.jna#jna;5.5.0!jna.jar (1215ms)[0m
[0m2022.01.01 17:20:27 ERROR downloading https://repo1.maven.org/maven2/com/squareup/okio/okio/1.17.2/okio-1.17.2.jar ...[0m
[0m2022.01.01 17:20:27 ERROR 	[SUCCESSFUL ] com.jcraft#jsch;0.1.54!jsch.jar (665ms)[0m
[0m2022.01.01 17:20:27 ERROR downloading https://repo1.maven.org/maven2/org/scala-sbt/zinc-core_2.12/1.5.3/zinc-core_2.12-1.5.3.jar ...[0m
[0m2022.01.01 17:20:27 ERROR 	[SUCCESSFUL ] org.slf4j#slf4j-api;1.7.26!slf4j-api.jar (351ms)[0m
[0m2022.01.01 17:20:27 ERROR downloading https://repo1.maven.org/maven2/org/scala-sbt/zinc-persist_2.12/1.5.3/zinc-persist_2.12-1.5.3.jar ...[0m
[0m2022.01.01 17:20:27 ERROR 	[SUCCESSFUL ] com.typesafe#ssl-config-core_2.12;0.4.0!ssl-config-core_2.12.jar(bundle) (467ms)[0m
[0m2022.01.01 17:20:27 ERROR downloading https://repo1.maven.org/maven2/org/scala-sbt/zinc-compile-core_2.12/1.5.3/zinc-compile-core_2.12-1.5.3.jar ...[0m
[0m2022.01.01 17:20:27 ERROR 	[SUCCESSFUL ] org.scala-lang.modules#scala-parser-combinators_2.12;1.1.2!scala-parser-combinators_2.12.jar(bundle) (311ms)[0m
[0m2022.01.01 17:20:27 ERROR downloading https://repo1.maven.org/maven2/org/scala-sbt/zinc-persist-core-assembly/1.5.3/zinc-persist-core-assembly-1.5.3.jar ...[0m
[0m2022.01.01 17:20:27 ERROR 	[SUCCESSFUL ] com.squareup.okhttp3#okhttp;3.14.2!okhttp.jar (690ms)[0m
[0m2022.01.01 17:20:27 ERROR downloading https://repo1.maven.org/maven2/net/openhft/zero-allocation-hashing/0.10.1/zero-allocation-hashing-0.10.1.jar ...[0m
[0m2022.01.01 17:20:27 ERROR 	[SUCCESSFUL ] org.scala-lang#scala-reflect;2.12.13!scala-reflect.jar (2489ms)[0m
[0m2022.01.01 17:20:27 ERROR downloading https://repo1.maven.org/maven2/org/scala-sbt/sbinary_2.12/0.5.1/sbinary_2.12-0.5.1.jar ...[0m
[0m2022.01.01 17:20:27 ERROR 	[SUCCESSFUL ] com.typesafe#config;1.3.3!config.jar(bundle) (332ms)[0m
[0m2022.01.01 17:20:27 ERROR downloading https://repo1.maven.org/maven2/org/scala-sbt/protocol_2.12/1.5.2/protocol_2.12-1.5.2.jar ...[0m
[0m2022.01.01 17:20:27 ERROR 	[SUCCESSFUL ] com.squareup.okio#okio;1.17.2!okio.jar (331ms)[0m
[0m2022.01.01 17:20:27 ERROR downloading https://repo1.maven.org/maven2/org/scala-sbt/template-resolver/0.1/template-resolver-0.1.jar ...[0m
[0m2022.01.01 17:20:27 ERROR 	[SUCCESSFUL ] org.scala-lang#scala-library;2.12.13!scala-library.jar (3623ms)[0m
[0m2022.01.01 17:20:27 ERROR downloading https://repo1.maven.org/maven2/org/scala-sbt/ipcsocket/ipcsocket/1.3.0/ipcsocket-1.3.0.jar ...[0m
[0m2022.01.01 17:20:27 ERROR 	[SUCCESSFUL ] org.scala-sbt#zinc-core_2.12;1.5.3!zinc-core_2.12.jar (353ms)[0m
[0m2022.01.01 17:20:27 ERROR downloading https://repo1.maven.org/maven2/org/checkerframework/checker-qual/3.4.1/checker-qual-3.4.1.jar ...[0m
[0m2022.01.01 17:20:27 ERROR 	[SUCCESSFUL ] net.openhft#zero-allocation-hashing;0.10.1!zero-allocation-hashing.jar(bundle) (141ms)[0m
[0m2022.01.01 17:20:27 ERROR downloading https://repo1.maven.org/maven2/com/google/errorprone/error_prone_annotations/2.4.0/error_prone_annotations-2.4.0.jar ...[0m
[0m2022.01.01 17:20:27 ERROR 	[SUCCESSFUL ] org.scala-sbt#zinc-compile-core_2.12;1.5.3!zinc-compile-core_2.12.jar (282ms)[0m
[0m2022.01.01 17:20:27 ERROR downloading https://repo1.maven.org/maven2/org/scala-lang/modules/scala-collection-compat_2.12/2.4.2/scala-collection-compat_2.12-2.4.2.jar ...[0m
[0m2022.01.01 17:20:27 ERROR 	[SUCCESSFUL ] org.scala-sbt.ipcsocket#ipcsocket;1.3.0!ipcsocket.jar (199ms)[0m
[0m2022.01.01 17:20:27 ERROR downloading https://repo1.maven.org/maven2/org/scala-sbt/ivy/ivy/2.3.0-sbt-fbc4f586aeeb1591710b14eb4f41b94880dcd745/ivy-2.3.0-sbt-fbc4f586aeeb1591710b14eb4f41b94880dcd745.jar ...[0m
[0m2022.01.01 17:20:27 ERROR 	[SUCCESSFUL ] org.scala-sbt#template-resolver;0.1!template-resolver.jar (229ms)[0m
[0m2022.01.01 17:20:27 ERROR 	[SUCCESSFUL ] org.checkerframework#checker-qual;3.4.1!checker-qual.jar (202ms)[0m
[0m2022.01.01 17:20:27 ERROR 	[SUCCESSFUL ] org.scala-sbt#sbinary_2.12;0.5.1!sbinary_2.12.jar (309ms)[0m
[0m2022.01.01 17:20:27 ERROR 	[SUCCESSFUL ] org.scala-sbt#zinc-persist_2.12;1.5.3!zinc-persist_2.12.jar (480ms)[0m
[0m2022.01.01 17:20:27 ERROR 	[SUCCESSFUL ] org.scala-lang.modules#scala-collection-compat_2.12;2.4.2!scala-collection-compat_2.12.jar (192ms)[0m
[0m2022.01.01 17:20:27 ERROR 	[SUCCESSFUL ] com.google.errorprone#error_prone_annotations;2.4.0!error_prone_annotations.jar (231ms)[0m
[0m2022.01.01 17:20:27 ERROR 	[SUCCESSFUL ] net.java.dev.jna#jna-platform;5.5.0!jna-platform.jar (2022ms)[0m
[0m2022.01.01 17:20:27 ERROR 	[SUCCESSFUL ] org.scala-sbt.ivy#ivy;2.3.0-sbt-fbc4f586aeeb1591710b14eb4f41b94880dcd745!ivy.jar (356ms)[0m
[0m2022.01.01 17:20:28 ERROR 	[SUCCESSFUL ] io.get-coursier#lm-coursier-shaded_2.12;2.0.8!lm-coursier-shaded_2.12.jar (4035ms)[0m
[0m2022.01.01 17:20:28 ERROR 	[SUCCESSFUL ] org.scala-sbt#zinc-persist-core-assembly;1.5.3!zinc-persist-core-assembly.jar (1199ms)[0m
[0m2022.01.01 17:20:28 ERROR 	[SUCCESSFUL ] org.scala-sbt#protocol_2.12;1.5.2!protocol_2.12.jar (1166ms)[0m
[0m2022.01.01 17:20:29 ERROR 	[SUCCESSFUL ] org.scala-lang#scala-compiler;2.12.13!scala-compiler.jar (3485ms)[0m
[0m2022.01.01 17:20:29 ERROR :: retrieving :: org.scala-sbt#boot-app[0m
[0m2022.01.01 17:20:29 ERROR 	confs: [default][0m
[0m2022.01.01 17:20:29 ERROR 	83 artifacts copied, 0 already retrieved[0m
[0m2022.01.01 17:20:29 ERROR [info] [launcher] getting Scala 2.12.13 (for sbt)...[0m
[0m2022.01.01 17:20:35 ERROR downloading https://repo1.maven.org/maven2/org/scala-lang/modules/scala-xml_2.12/1.0.6/scala-xml_2.12-1.0.6.jar ...[0m
[0m2022.01.01 17:20:35 ERROR downloading https://repo1.maven.org/maven2/jline/jline/2.14.6/jline-2.14.6.jar ...[0m
[0m2022.01.01 17:20:35 ERROR downloading https://repo1.maven.org/maven2/org/fusesource/jansi/jansi/1.12/jansi-1.12.jar ...[0m
[0m2022.01.01 17:20:35 ERROR 	[SUCCESSFUL ] org.fusesource.jansi#jansi;1.12!jansi.jar (184ms)[0m
[0m2022.01.01 17:20:35 ERROR 	[SUCCESSFUL ] org.scala-lang.modules#scala-xml_2.12;1.0.6!scala-xml_2.12.jar(bundle) (186ms)[0m
[0m2022.01.01 17:20:35 ERROR 	[SUCCESSFUL ] jline#jline;2.14.6!jline.jar (285ms)[0m
[0m2022.01.01 17:20:35 ERROR :: retrieving :: org.scala-sbt#boot-scala[0m
[0m2022.01.01 17:20:35 ERROR 	confs: [default][0m
[0m2022.01.01 17:20:35 ERROR 	6 artifacts copied, 0 already retrieved[0m
[0m2022.01.01 17:20:39 INFO  no build target: using presentation compiler with only scala-library: 3.1.0[0m
[0m2022.01.01 17:20:39 INFO  [info] welcome to sbt 1.5.2 (AdoptOpenJDK Java 11.0.11)[0m
[0m2022.01.01 17:20:41 INFO  [info] loading settings for project scala-project-build-build from metals.sbt ...[0m
[0m2022.01.01 17:20:41 INFO  [info] loading project definition from D:\Coursera\Scala\scala-project\project\project[0m
[0m2022.01.01 17:20:47 INFO  time: code lens generation in 13s[0m
[0m2022.01.01 17:20:49 INFO  [info] loading settings for project scala-project-build from metals.sbt ...[0m
[0m2022.01.01 17:20:49 INFO  [info] loading project definition from D:\Coursera\Scala\scala-project\project[0m
[0m2022.01.01 17:20:50 INFO  no build target: using presentation compiler with only scala-library: 3.1.0[0m
[0m2022.01.01 17:20:50 INFO  time: evaluated worksheet 'example.worksheet.sc' in 16s[0m
[0m2022.01.01 17:20:58 INFO  [success] Generated .bloop\scala-project-build.json[0m
[0m2022.01.01 17:20:58 INFO  [success] Total time: 8 s, completed Jan 1, 2022, 5:20:58 PM[0m
[0m2022.01.01 17:20:58 INFO  [info] loading settings for project scala-project from build.sbt ...[0m
[0m2022.01.01 17:20:58 INFO  [info] set current project to scala-project (in build file:/D:/Coursera/Scala/scala-project/)[0m
[0m2022.01.01 17:21:05 INFO  [success] Generated .bloop\scala-project-test.json[0m
[0m2022.01.01 17:21:05 INFO  [success] Generated .bloop\scala-project.json[0m
[0m2022.01.01 17:21:05 INFO  [success] Total time: 6 s, completed Jan 1, 2022, 5:21:05 PM[0m
[0m2022.01.01 17:21:05 INFO  time: ran 'sbt bloopInstall' in 1m17s[0m
[0m2022.01.01 17:21:05 INFO  Attempting to connect to the build server...[0m
Starting the bsp launcher for bloop...
Opening a bsp server connection with 'bsp --protocol tcp --port 19895'...
Waiting for the bsp connection to come up...
Waiting for the bsp connection to come up...
Waiting for the bsp connection to come up...
Waiting for the bsp connection to come up...
Waiting for the bsp connection to come up...
Waiting for the bsp connection to come up...
Waiting for the bsp connection to come up...
Waiting for the bsp connection to come up...
[0m2022.01.01 17:21:17 INFO  time: evaluated worksheet 'example.worksheet.sc' in 0.55s[0m
Waiting for the bsp connection to come up...
No server running at 127.0.0.1:8212, let's fire one...
Resolving ch.epfl.scala:bloop-frontend_2.12:1.4.11...
Starting bloop server at 127.0.0.1:8212...
Attempting a connection to the server...
[0m[32m[D][0m Loading 2 projects from 'd:\Coursera\Scala\scala-project\.bloop'...
[0m[32m[D][0m Loading project from 'd:\Coursera\Scala\scala-project\.bloop\scala-project-test.json'
[0m[32m[D][0m Loading project from 'd:\Coursera\Scala\scala-project\.bloop\scala-project.json'
[0m[32m[D][0m Cache miss for scala instance org.scala-lang:scala-compiler:3.0.0.
[0m[32m[D][0m   => C:\Users\Saahil Nayyer\AppData\Local\Coursier\Cache\v1\https\repo1.maven.org\maven2\com\fasterxml\jackson\core\jackson-annotations\2.2.3\jackson-annotations-2.2.3.jar
[0m[32m[D][0m   => C:\Users\Saahil Nayyer\AppData\Local\Coursier\Cache\v1\https\repo1.maven.org\maven2\com\fasterxml\jackson\core\jackson-core\2.9.8\jackson-core-2.9.8.jar
[0m[32m[D][0m   => C:\Users\Saahil Nayyer\AppData\Local\Coursier\Cache\v1\https\repo1.maven.org\maven2\com\fasterxml\jackson\core\jackson-databind\2.2.3\jackson-databind-2.2.3.jar
[0m[32m[D][0m   => C:\Users\Saahil Nayyer\AppData\Local\Coursier\Cache\v1\https\repo1.maven.org\maven2\com\fasterxml\jackson\dataformat\jackson-dataformat-yaml\2.9.8\jackson-dataformat-yaml-2.9.8.jar
[0m[32m[D][0m   => C:\Users\Saahil Nayyer\AppData\Local\Coursier\Cache\v1\https\repo1.maven.org\maven2\com\google\protobuf\protobuf-java\3.7.0\protobuf-java-3.7.0.jar
[0m[32m[D][0m   => C:\Users\Saahil Nayyer\AppData\Local\Coursier\Cache\v1\https\repo1.maven.org\maven2\com\vladsch\flexmark\flexmark-ext-anchorlink\0.42.12\flexmark-ext-anchorlink-0.42.12.jar
[0m[32m[D][0m   => C:\Users\Saahil Nayyer\AppData\Local\Coursier\Cache\v1\https\repo1.maven.org\maven2\com\vladsch\flexmark\flexmark-ext-autolink\0.42.12\flexmark-ext-autolink-0.42.12.jar
[0m[32m[D][0m   => C:\Users\Saahil Nayyer\AppData\Local\Coursier\Cache\v1\https\repo1.maven.org\maven2\com\vladsch\flexmark\flexmark-ext-emoji\0.42.12\flexmark-ext-emoji-0.42.12.jar
[0m[32m[D][0m   => C:\Users\Saahil Nayyer\AppData\Local\Coursier\Cache\v1\https\repo1.maven.org\maven2\com\vladsch\flexmark\flexmark-ext-gfm-strikethrough\0.42.12\flexmark-ext-gfm-strikethrough-0.42.12.jar
[0m[32m[D][0m   => C:\Users\Saahil Nayyer\AppData\Local\Coursier\Cache\v1\https\repo1.maven.org\maven2\com\vladsch\flexmark\flexmark-ext-gfm-tables\0.42.12\flexmark-ext-gfm-tables-0.42.12.jar
[0m[32m[D][0m   => C:\Users\Saahil Nayyer\AppData\Local\Coursier\Cache\v1\https\repo1.maven.org\maven2\com\vladsch\flexmark\flexmark-ext-gfm-tasklist\0.42.12\flexmark-ext-gfm-tasklist-0.42.12.jar
[0m[32m[D][0m   => C:\Users\Saahil Nayyer\AppData\Local\Coursier\Cache\v1\https\repo1.maven.org\maven2\com\vladsch\flexmark\flexmark-ext-ins\0.42.12\flexmark-ext-ins-0.42.12.jar
[0m[32m[D][0m   => C:\Users\Saahil Nayyer\AppData\Local\Coursier\Cache\v1\https\repo1.maven.org\maven2\com\vladsch\flexmark\flexmark-ext-superscript\0.42.12\flexmark-ext-superscript-0.42.12.jar
[0m[32m[D][0m   => C:\Users\Saahil Nayyer\AppData\Local\Coursier\Cache\v1\https\repo1.maven.org\maven2\com\vladsch\flexmark\flexmark-ext-tables\0.42.12\flexmark-ext-tables-0.42.12.jar
[0m[32m[D][0m   => C:\Users\Saahil Nayyer\AppData\Local\Coursier\Cache\v1\https\repo1.maven.org\maven2\com\vladsch\flexmark\flexmark-ext-wikilink\0.42.12\flexmark-ext-wikilink-0.42.12.jar
[0m[32m[D][0m   => C:\Users\Saahil Nayyer\AppData\Local\Coursier\Cache\v1\https\repo1.maven.org\maven2\com\vladsch\flexmark\flexmark-ext-yaml-front-matter\0.42.12\flexmark-ext-yaml-front-matter-0.42.12.jar
[0m[32m[D][0m   => C:\Users\Saahil Nayyer\AppData\Local\Coursier\Cache\v1\https\repo1.maven.org\maven2\com\vladsch\flexmark\flexmark-formatter\0.42.12\flexmark-formatter-0.42.12.jar
[0m[32m[D][0m   => C:\Users\Saahil Nayyer\AppData\Local\Coursier\Cache\v1\https\repo1.maven.org\maven2\com\vladsch\flexmark\flexmark-html-parser\0.42.12\flexmark-html-parser-0.42.12.jar
[0m[32m[D][0m   => C:\Users\Saahil Nayyer\AppData\Local\Coursier\Cache\v1\https\repo1.maven.org\maven2\com\vladsch\flexmark\flexmark-jira-converter\0.42.12\flexmark-jira-converter-0.42.12.jar
[0m[32m[D][0m   => C:\Users\Saahil Nayyer\AppData\Local\Coursier\Cache\v1\https\repo1.maven.org\maven2\com\vladsch\flexmark\flexmark-util\0.42.12\flexmark-util-0.42.12.jar
[0m[32m[D][0m   => C:\Users\Saahil Nayyer\AppData\Local\Coursier\Cache\v1\https\repo1.maven.org\maven2\com\vladsch\flexmark\flexmark\0.42.12\flexmark-0.42.12.jar
[0m[32m[D][0m   => C:\Users\Saahil Nayyer\AppData\Local\Coursier\Cache\v1\https\repo1.maven.org\maven2\net\java\dev\jna\jna\5.3.1\jna-5.3.1.jar
[0m[32m[D][0m   => C:\Users\Saahil Nayyer\AppData\Local\Coursier\Cache\v1\https\repo1.maven.org\maven2\nl\big-o\liqp\0.6.7\liqp-0.6.7.jar
[0m[32m[D][0m   => C:\Users\Saahil Nayyer\AppData\Local\Coursier\Cache\v1\https\repo1.maven.org\maven2\org\antlr\ST4\4.0.7\ST4-4.0.7.jar
[0m[32m[D][0m   => C:\Users\Saahil Nayyer\AppData\Local\Coursier\Cache\v1\https\repo1.maven.org\maven2\org\antlr\antlr-runtime\3.5.1\antlr-runtime-3.5.1.jar
[0m[32m[D][0m   => C:\Users\Saahil Nayyer\AppData\Local\Coursier\Cache\v1\https\repo1.maven.org\maven2\org\antlr\antlr\3.5.1\antlr-3.5.1.jar
[0m[32m[D][0m   => C:\Users\Saahil Nayyer\AppData\Local\Coursier\Cache\v1\https\repo1.maven.org\maven2\org\jline\jline-reader\3.19.0\jline-reader-3.19.0.jar
[0m[32m[D][0m   => C:\Users\Saahil Nayyer\AppData\Local\Coursier\Cache\v1\https\repo1.maven.org\maven2\org\jline\jline-terminal-jna\3.19.0\jline-terminal-jna-3.19.0.jar
[0m[32m[D][0m   => C:\Users\Saahil Nayyer\AppData\Local\Coursier\Cache\v1\https\repo1.maven.org\maven2\org\jline\jline-terminal\3.19.0\jline-terminal-3.19.0.jar
[0m[32m[D][0m   => C:\Users\Saahil Nayyer\AppData\Local\Coursier\Cache\v1\https\repo1.maven.org\maven2\org\jsoup\jsoup\1.13.1\jsoup-1.13.1.jar
[0m[32m[D][0m   => C:\Users\Saahil Nayyer\AppData\Local\Coursier\Cache\v1\https\repo1.maven.org\maven2\org\nibor\autolink\autolink\0.6.0\autolink-0.6.0.jar
[0m[32m[D][0m   => C:\Users\Saahil Nayyer\AppData\Local\Coursier\Cache\v1\https\repo1.maven.org\maven2\org\scala-lang\modules\scala-asm\9.1.0-scala-1\scala-asm-9.1.0-scala-1.jar
[0m[32m[D][0m   => C:\Users\Saahil Nayyer\AppData\Local\Coursier\Cache\v1\https\repo1.maven.org\maven2\org\scala-lang\scala-library\2.13.5\scala-library-2.13.5.jar
[0m[32m[D][0m   => C:\Users\Saahil Nayyer\AppData\Local\Coursier\Cache\v1\https\repo1.maven.org\maven2\org\scala-lang\scala3-compiler_3\3.0.0\scala3-compiler_3-3.0.0.jar
[0m[32m[D][0m   => C:\Users\Saahil Nayyer\AppData\Local\Coursier\Cache\v1\https\repo1.maven.org\maven2\org\scala-lang\scala3-interfaces\3.0.0\scala3-interfaces-3.0.0.jar
[0m[32m[D][0m   => C:\Users\Saahil Nayyer\AppData\Local\Coursier\Cache\v1\https\repo1.maven.org\maven2\org\scala-lang\scala3-library_3\3.0.0\scala3-library_3-3.0.0.jar
[0m[32m[D][0m   => C:\Users\Saahil Nayyer\AppData\Local\Coursier\Cache\v1\https\repo1.maven.org\maven2\org\scala-lang\scala3-tasty-inspector_3\3.0.0\scala3-tasty-inspector_3-3.0.0.jar
[0m[32m[D][0m   => C:\Users\Saahil Nayyer\AppData\Local\Coursier\Cache\v1\https\repo1.maven.org\maven2\org\scala-lang\scaladoc_3\3.0.0\scaladoc_3-3.0.0.jar
[0m[32m[D][0m   => C:\Users\Saahil Nayyer\AppData\Local\Coursier\Cache\v1\https\repo1.maven.org\maven2\org\scala-lang\tasty-core_3\3.0.0\tasty-core_3-3.0.0.jar
[0m[32m[D][0m   => C:\Users\Saahil Nayyer\AppData\Local\Coursier\Cache\v1\https\repo1.maven.org\maven2\org\scala-sbt\compiler-interface\1.3.5\compiler-interface-1.3.5.jar
[0m[32m[D][0m   => C:\Users\Saahil Nayyer\AppData\Local\Coursier\Cache\v1\https\repo1.maven.org\maven2\org\scala-sbt\util-interface\1.3.0\util-interface-1.3.0.jar
[0m[32m[D][0m   => C:\Users\Saahil Nayyer\AppData\Local\Coursier\Cache\v1\https\repo1.maven.org\maven2\org\yaml\snakeyaml\1.23\snakeyaml-1.23.jar
[0m[32m[D][0m Missing analysis file for project 'scala-project'
[0m[32m[D][0m Missing analysis file for project 'scala-project-test'
[0m[32m[D][0m Waiting for a connection at 127.0.0.1:19895...
The server is listening for incoming connections at tcp://127.0.0.1:19895...
Starting thread that pumps stdin and redirects it to the bsp server...
Starting thread that pumps server stdout and redirects it to the client stdout...
[0m2022.01.01 17:21:19 INFO  tracing is disabled for protocol BSP, to enable tracing of incoming and outgoing JSON messages create an empty file at C:\Users\Saahil Nayyer\AppData\Local\scalameta\metals\cache\bsp.trace.json[0m
[0m2022.01.01 17:21:19 INFO  Attempting to connect to the build server...[0m
Starting the bsp launcher for bloop...
Opening a bsp server connection with 'bsp --protocol tcp --port 44251'...
Waiting for the bsp connection to come up...
[0m[32m[D][0m Loading workspace settings from bloop.settings.json
[0m[32m[D][0m Waiting for a connection at 127.0.0.1:44251...
The server is listening for incoming connections at tcp://127.0.0.1:44251...
Starting thread that pumps stdin and redirects it to the bsp server...
Starting thread that pumps server stdout and redirects it to the client stdout...
[0m2022.01.01 17:21:19 INFO  tracing is disabled for protocol BSP, to enable tracing of incoming and outgoing JSON messages create an empty file at C:\Users\Saahil Nayyer\AppData\Local\scalameta\metals\cache\bsp.trace.json[0m
[0m2022.01.01 17:21:22 INFO  time: Connected to build server in 17s[0m
[0m2022.01.01 17:21:22 INFO  Connected to Build server: Bloop v1.4.11[0m
[0m2022.01.01 17:21:23 INFO  time: Imported build in 0.2s[0m
[0m2022.01.01 17:21:26 INFO  time: indexed workspace in 3.15s[0m
[0m2022.01.01 17:21:28 INFO  no build target: using presentation compiler with only scala-library: 3.0.0[0m
[0m2022.01.01 17:33:56 INFO  time: evaluated worksheet 'example.worksheet.sc' in 1.3s[0m
[0m2022.01.01 17:33:57 WARN  no build target for: D:\Coursera\Scala\scala-project\project\metals.sbt[0m
[0m2022.01.01 17:34:09 INFO  time: code lens generation in 2.44s[0m
[0m2022.01.01 17:34:58 WARN  no build target for: D:\Coursera\Scala\scala-project\project\metals.sbt[0m
[0m2022.01.01 18:03:11 INFO  shutting down Metals[0m
[0m2022.01.01 18:03:11 INFO  Shut down connection with build server.[0m
[0m2022.01.01 18:03:11 INFO  Shut down connection with build server.[0m
No more data in the client stdin, exiting...
No more data in the client stdin, exiting...
No more data in the server stdin, exiting...
No more data in the server stdin, exiting...
[0m2022.01.01 18:49:19 INFO  Started: Metals version 0.10.9 in workspace 'D:\Coursera\Scala\scala-project' for client Visual Studio Code 1.63.2.[0m
[0m2022.01.01 18:49:20 INFO  time: initialize in 1.39s[0m
[0m2022.01.01 18:49:22 INFO  Attempting to connect to the build server...[0m
[0m2022.01.01 18:49:22 INFO  skipping build import with status 'Installed'[0m
Starting the bsp launcher for bloop...
Opening a bsp server connection with 'bsp --protocol tcp --port 26897'...
Waiting for the bsp connection to come up...
Waiting for the bsp connection to come up...
[0m[32m[D][0m Loading workspace settings from bloop.settings.json
[0m[32m[D][0m Loading 2 projects from 'd:\Coursera\Scala\scala-project\.bloop'...
[0m[32m[D][0m Loading project from 'd:\Coursera\Scala\scala-project\.bloop\scala-project.json'
[0m[32m[D][0m Loading project from 'd:\Coursera\Scala\scala-project\.bloop\scala-project-test.json'
[0m[32m[D][0m Cache miss for scala instance org.scala-lang:scala-compiler:3.0.0.
[0m[32m[D][0m   => C:\Users\Saahil Nayyer\AppData\Local\Coursier\Cache\v1\https\repo1.maven.org\maven2\com\fasterxml\jackson\core\jackson-annotations\2.2.3\jackson-annotations-2.2.3.jar
[0m[32m[D][0m   => C:\Users\Saahil Nayyer\AppData\Local\Coursier\Cache\v1\https\repo1.maven.org\maven2\com\fasterxml\jackson\core\jackson-core\2.9.8\jackson-core-2.9.8.jar
[0m[32m[D][0m   => C:\Users\Saahil Nayyer\AppData\Local\Coursier\Cache\v1\https\repo1.maven.org\maven2\com\fasterxml\jackson\core\jackson-databind\2.2.3\jackson-databind-2.2.3.jar
[0m[32m[D][0m   => C:\Users\Saahil Nayyer\AppData\Local\Coursier\Cache\v1\https\repo1.maven.org\maven2\com\fasterxml\jackson\dataformat\jackson-dataformat-yaml\2.9.8\jackson-dataformat-yaml-2.9.8.jar
[0m[32m[D][0m   => C:\Users\Saahil Nayyer\AppData\Local\Coursier\Cache\v1\https\repo1.maven.org\maven2\com\google\protobuf\protobuf-java\3.7.0\protobuf-java-3.7.0.jar
[0m[32m[D][0m   => C:\Users\Saahil Nayyer\AppData\Local\Coursier\Cache\v1\https\repo1.maven.org\maven2\com\vladsch\flexmark\flexmark-ext-anchorlink\0.42.12\flexmark-ext-anchorlink-0.42.12.jar
[0m[32m[D][0m   => C:\Users\Saahil Nayyer\AppData\Local\Coursier\Cache\v1\https\repo1.maven.org\maven2\com\vladsch\flexmark\flexmark-ext-autolink\0.42.12\flexmark-ext-autolink-0.42.12.jar
[0m[32m[D][0m   => C:\Users\Saahil Nayyer\AppData\Local\Coursier\Cache\v1\https\repo1.maven.org\maven2\com\vladsch\flexmark\flexmark-ext-emoji\0.42.12\flexmark-ext-emoji-0.42.12.jar
[0m[32m[D][0m   => C:\Users\Saahil Nayyer\AppData\Local\Coursier\Cache\v1\https\repo1.maven.org\maven2\com\vladsch\flexmark\flexmark-ext-gfm-strikethrough\0.42.12\flexmark-ext-gfm-strikethrough-0.42.12.jar
[0m[32m[D][0m   => C:\Users\Saahil Nayyer\AppData\Local\Coursier\Cache\v1\https\repo1.maven.org\maven2\com\vladsch\flexmark\flexmark-ext-gfm-tables\0.42.12\flexmark-ext-gfm-tables-0.42.12.jar
[0m[32m[D][0m   => C:\Users\Saahil Nayyer\AppData\Local\Coursier\Cache\v1\https\repo1.maven.org\maven2\com\vladsch\flexmark\flexmark-ext-gfm-tasklist\0.42.12\flexmark-ext-gfm-tasklist-0.42.12.jar
[0m[32m[D][0m   => C:\Users\Saahil Nayyer\AppData\Local\Coursier\Cache\v1\https\repo1.maven.org\maven2\com\vladsch\flexmark\flexmark-ext-ins\0.42.12\flexmark-ext-ins-0.42.12.jar
[0m[32m[D][0m   => C:\Users\Saahil Nayyer\AppData\Local\Coursier\Cache\v1\https\repo1.maven.org\maven2\com\vladsch\flexmark\flexmark-ext-superscript\0.42.12\flexmark-ext-superscript-0.42.12.jar
[0m[32m[D][0m   => C:\Users\Saahil Nayyer\AppData\Local\Coursier\Cache\v1\https\repo1.maven.org\maven2\com\vladsch\flexmark\flexmark-ext-tables\0.42.12\flexmark-ext-tables-0.42.12.jar
[0m[32m[D][0m   => C:\Users\Saahil Nayyer\AppData\Local\Coursier\Cache\v1\https\repo1.maven.org\maven2\com\vladsch\flexmark\flexmark-ext-wikilink\0.42.12\flexmark-ext-wikilink-0.42.12.jar
[0m[32m[D][0m   => C:\Users\Saahil Nayyer\AppData\Local\Coursier\Cache\v1\https\repo1.maven.org\maven2\com\vladsch\flexmark\flexmark-ext-yaml-front-matter\0.42.12\flexmark-ext-yaml-front-matter-0.42.12.jar
[0m[32m[D][0m   => C:\Users\Saahil Nayyer\AppData\Local\Coursier\Cache\v1\https\repo1.maven.org\maven2\com\vladsch\flexmark\flexmark-formatter\0.42.12\flexmark-formatter-0.42.12.jar
[0m[32m[D][0m   => C:\Users\Saahil Nayyer\AppData\Local\Coursier\Cache\v1\https\repo1.maven.org\maven2\com\vladsch\flexmark\flexmark-html-parser\0.42.12\flexmark-html-parser-0.42.12.jar
[0m[32m[D][0m   => C:\Users\Saahil Nayyer\AppData\Local\Coursier\Cache\v1\https\repo1.maven.org\maven2\com\vladsch\flexmark\flexmark-jira-converter\0.42.12\flexmark-jira-converter-0.42.12.jar
[0m[32m[D][0m   => C:\Users\Saahil Nayyer\AppData\Local\Coursier\Cache\v1\https\repo1.maven.org\maven2\com\vladsch\flexmark\flexmark-util\0.42.12\flexmark-util-0.42.12.jar
[0m[32m[D][0m   => C:\Users\Saahil Nayyer\AppData\Local\Coursier\Cache\v1\https\repo1.maven.org\maven2\com\vladsch\flexmark\flexmark\0.42.12\flexmark-0.42.12.jar
[0m[32m[D][0m   => C:\Users\Saahil Nayyer\AppData\Local\Coursier\Cache\v1\https\repo1.maven.org\maven2\net\java\dev\jna\jna\5.3.1\jna-5.3.1.jar
[0m[32m[D][0m   => C:\Users\Saahil Nayyer\AppData\Local\Coursier\Cache\v1\https\repo1.maven.org\maven2\nl\big-o\liqp\0.6.7\liqp-0.6.7.jar
[0m[32m[D][0m   => C:\Users\Saahil Nayyer\AppData\Local\Coursier\Cache\v1\https\repo1.maven.org\maven2\org\antlr\ST4\4.0.7\ST4-4.0.7.jar
[0m[32m[D][0m   => C:\Users\Saahil Nayyer\AppData\Local\Coursier\Cache\v1\https\repo1.maven.org\maven2\org\antlr\antlr-runtime\3.5.1\antlr-runtime-3.5.1.jar
[0m[32m[D][0m   => C:\Users\Saahil Nayyer\AppData\Local\Coursier\Cache\v1\https\repo1.maven.org\maven2\org\antlr\antlr\3.5.1\antlr-3.5.1.jar
[0m[32m[D][0m   => C:\Users\Saahil Nayyer\AppData\Local\Coursier\Cache\v1\https\repo1.maven.org\maven2\org\jline\jline-reader\3.19.0\jline-reader-3.19.0.jar
[0m[32m[D][0m   => C:\Users\Saahil Nayyer\AppData\Local\Coursier\Cache\v1\https\repo1.maven.org\maven2\org\jline\jline-terminal-jna\3.19.0\jline-terminal-jna-3.19.0.jar
[0m[32m[D][0m   => C:\Users\Saahil Nayyer\AppData\Local\Coursier\Cache\v1\https\repo1.maven.org\maven2\org\jline\jline-terminal\3.19.0\jline-terminal-3.19.0.jar
[0m[32m[D][0m   => C:\Users\Saahil Nayyer\AppData\Local\Coursier\Cache\v1\https\repo1.maven.org\maven2\org\jsoup\jsoup\1.13.1\jsoup-1.13.1.jar
[0m[32m[D][0m   => C:\Users\Saahil Nayyer\AppData\Local\Coursier\Cache\v1\https\repo1.maven.org\maven2\org\nibor\autolink\autolink\0.6.0\autolink-0.6.0.jar
[0m[32m[D][0m   => C:\Users\Saahil Nayyer\AppData\Local\Coursier\Cache\v1\https\repo1.maven.org\maven2\org\scala-lang\modules\scala-asm\9.1.0-scala-1\scala-asm-9.1.0-scala-1.jar
[0m[32m[D][0m   => C:\Users\Saahil Nayyer\AppData\Local\Coursier\Cache\v1\https\repo1.maven.org\maven2\org\scala-lang\scala-library\2.13.5\scala-library-2.13.5.jar
[0m[32m[D][0m   => C:\Users\Saahil Nayyer\AppData\Local\Coursier\Cache\v1\https\repo1.maven.org\maven2\org\scala-lang\scala3-compiler_3\3.0.0\scala3-compiler_3-3.0.0.jar
[0m[32m[D][0m   => C:\Users\Saahil Nayyer\AppData\Local\Coursier\Cache\v1\https\repo1.maven.org\maven2\org\scala-lang\scala3-interfaces\3.0.0\scala3-interfaces-3.0.0.jar
[0m[32m[D][0m   => C:\Users\Saahil Nayyer\AppData\Local\Coursier\Cache\v1\https\repo1.maven.org\maven2\org\scala-lang\scala3-library_3\3.0.0\scala3-library_3-3.0.0.jar
[0m[32m[D][0m   => C:\Users\Saahil Nayyer\AppData\Local\Coursier\Cache\v1\https\repo1.maven.org\maven2\org\scala-lang\scala3-tasty-inspector_3\3.0.0\scala3-tasty-inspector_3-3.0.0.jar
[0m[32m[D][0m   => C:\Users\Saahil Nayyer\AppData\Local\Coursier\Cache\v1\https\repo1.maven.org\maven2\org\scala-lang\scaladoc_3\3.0.0\scaladoc_3-3.0.0.jar
[0m[32m[D][0m   => C:\Users\Saahil Nayyer\AppData\Local\Coursier\Cache\v1\https\repo1.maven.org\maven2\org\scala-lang\tasty-core_3\3.0.0\tasty-core_3-3.0.0.jar
[0m[32m[D][0m   => C:\Users\Saahil Nayyer\AppData\Local\Coursier\Cache\v1\https\repo1.maven.org\maven2\org\scala-sbt\compiler-interface\1.3.5\compiler-interface-1.3.5.jar
[0m[32m[D][0m   => C:\Users\Saahil Nayyer\AppData\Local\Coursier\Cache\v1\https\repo1.maven.org\maven2\org\scala-sbt\util-interface\1.3.0\util-interface-1.3.0.jar
[0m[32m[D][0m   => C:\Users\Saahil Nayyer\AppData\Local\Coursier\Cache\v1\https\repo1.maven.org\maven2\org\yaml\snakeyaml\1.23\snakeyaml-1.23.jar
[0m[32m[D][0m Missing analysis file for project 'scala-project'
[0m[32m[D][0m Missing analysis file for project 'scala-project-test'
[0m[32m[D][0m Waiting for a connection at 127.0.0.1:26897...
The server is listening for incoming connections at tcp://127.0.0.1:26897...
Starting thread that pumps stdin and redirects it to the bsp server...
Starting thread that pumps server stdout and redirects it to the client stdout...
[0m2022.01.01 18:49:25 INFO  tracing is disabled for protocol BSP, to enable tracing of incoming and outgoing JSON messages create an empty file at C:\Users\Saahil Nayyer\AppData\Local\scalameta\metals\cache\bsp.trace.json[0m
[0m2022.01.01 18:49:25 INFO  Attempting to connect to the build server...[0m
Starting the bsp launcher for bloop...
Opening a bsp server connection with 'bsp --protocol tcp --port 30262'...
Waiting for the bsp connection to come up...
[0m[32m[D][0m Loading workspace settings from bloop.settings.json
[0m[32m[D][0m Waiting for a connection at 127.0.0.1:30262...
The server is listening for incoming connections at tcp://127.0.0.1:30262...
Starting thread that pumps stdin and redirects it to the bsp server...
Starting thread that pumps server stdout and redirects it to the client stdout...
[0m2022.01.01 18:49:26 INFO  tracing is disabled for protocol BSP, to enable tracing of incoming and outgoing JSON messages create an empty file at C:\Users\Saahil Nayyer\AppData\Local\scalameta\metals\cache\bsp.trace.json[0m
[0m2022.01.01 18:49:26 INFO  no build target: using presentation compiler with only scala-library: 3.1.0[0m
[0m2022.01.01 18:49:26 INFO  time: Connected to build server in 4.46s[0m
[0m2022.01.01 18:49:26 INFO  Connected to Build server: Bloop v1.4.11[0m
[0m2022.01.01 18:49:26 INFO  time: code lens generation in 4.63s[0m
[0m2022.01.01 18:49:27 INFO  time: Imported build in 0.3s[0m
[0m2022.01.01 18:49:28 INFO  no build target: using presentation compiler with only scala-library: 3.1.0[0m
[0m2022.01.01 18:49:31 INFO  no build target: using presentation compiler with only scala-library: 3.1.0[0m
[0m2022.01.01 18:49:31 INFO  time: evaluated worksheet 'example.worksheet.sc' in 8.2s[0m
[0m2022.01.01 18:49:35 INFO  time: indexed workspace in 7.69s[0m
[0m2022.01.01 18:49:36 INFO  no build target: using presentation compiler with only scala-library: 3.0.0[0m
[0m2022.01.01 18:49:41 INFO  time: evaluated worksheet 'example.worksheet.sc' in 1.94s[0m
[0m2022.01.01 18:49:42 INFO  time: evaluated worksheet 'example.worksheet.sc' in 0.66s[0m
[0m2022.01.01 18:50:21 INFO  compiling scala-project (1 scala source)[0m
[0m2022.01.01 18:50:23 INFO  time: compiled scala-project in 2.01s[0m
[0m2022.01.01 18:50:31 INFO  time: evaluated worksheet 'example.worksheet.sc' in 0.39s[0m
[0m2022.01.01 18:51:07 INFO  compiling scala-project (1 scala source)[0m
[0m2022.01.01 18:51:07 INFO  time: compiled scala-project in 0.95s[0m
[0m2022.01.01 18:52:13 INFO  shutting down Metals[0m
[0m2022.01.01 18:52:13 INFO  Shut down connection with build server.[0m
No more data in the client stdin, exiting...
No more data in the server stdin, exiting...
No more data in the server stdin, exiting...
[0m2022.01.01 18:52:13 INFO  Shut down connection with build server.[0m
No more data in the client stdin, exiting...
No more data in the server stdin, exiting...
[0m2022.01.01 19:07:52 INFO  Started: Metals version 0.10.9 in workspace 'D:\Coursera\Scala\scala-project' for client Visual Studio Code 1.63.2.[0m
[0m2022.01.01 19:07:53 INFO  time: initialize in 1.38s[0m
[0m2022.01.01 19:07:55 INFO  Attempting to connect to the build server...[0m
[0m2022.01.01 19:07:55 INFO  skipping build import with status 'Installed'[0m
Starting the bsp launcher for bloop...
Opening a bsp server connection with 'bsp --protocol tcp --port 17479'...
Waiting for the bsp connection to come up...
Waiting for the bsp connection to come up...
[0m2022.01.01 19:07:57 INFO  no build target: using presentation compiler with only scala-library: 3.1.0[0m
Waiting for the bsp connection to come up...
Waiting for the bsp connection to come up...
[0m2022.01.01 19:08:00 INFO  time: code lens generation in 3.76s[0m
[0m2022.01.01 19:08:00 INFO  time: code lens generation in 5.43s[0m
Waiting for the bsp connection to come up...
Waiting for the bsp connection to come up...
No server running at 127.0.0.1:8212, let's fire one...
Resolving ch.epfl.scala:bloop-frontend_2.12:1.4.11...
Starting bloop server at 127.0.0.1:8212...
Attempting a connection to the server...
[0m[32m[D][0m Loading workspace settings from bloop.settings.json
[0m[32m[D][0m Loading 2 projects from 'd:\Coursera\Scala\scala-project\.bloop'...
[0m[32m[D][0m Loading project from 'd:\Coursera\Scala\scala-project\.bloop\scala-project.json'
[0m[32m[D][0m Loading project from 'd:\Coursera\Scala\scala-project\.bloop\scala-project-test.json'
[0m[32m[D][0m Cache miss for scala instance org.scala-lang:scala-compiler:3.0.0.
[0m[32m[D][0m   => C:\Users\Saahil Nayyer\AppData\Local\Coursier\Cache\v1\https\repo1.maven.org\maven2\com\fasterxml\jackson\core\jackson-annotations\2.2.3\jackson-annotations-2.2.3.jar
[0m[32m[D][0m   => C:\Users\Saahil Nayyer\AppData\Local\Coursier\Cache\v1\https\repo1.maven.org\maven2\com\fasterxml\jackson\core\jackson-core\2.9.8\jackson-core-2.9.8.jar
[0m[32m[D][0m   => C:\Users\Saahil Nayyer\AppData\Local\Coursier\Cache\v1\https\repo1.maven.org\maven2\com\fasterxml\jackson\core\jackson-databind\2.2.3\jackson-databind-2.2.3.jar
[0m[32m[D][0m   => C:\Users\Saahil Nayyer\AppData\Local\Coursier\Cache\v1\https\repo1.maven.org\maven2\com\fasterxml\jackson\dataformat\jackson-dataformat-yaml\2.9.8\jackson-dataformat-yaml-2.9.8.jar
[0m[32m[D][0m   => C:\Users\Saahil Nayyer\AppData\Local\Coursier\Cache\v1\https\repo1.maven.org\maven2\com\google\protobuf\protobuf-java\3.7.0\protobuf-java-3.7.0.jar
[0m[32m[D][0m   => C:\Users\Saahil Nayyer\AppData\Local\Coursier\Cache\v1\https\repo1.maven.org\maven2\com\vladsch\flexmark\flexmark-ext-anchorlink\0.42.12\flexmark-ext-anchorlink-0.42.12.jar
[0m[32m[D][0m   => C:\Users\Saahil Nayyer\AppData\Local\Coursier\Cache\v1\https\repo1.maven.org\maven2\com\vladsch\flexmark\flexmark-ext-autolink\0.42.12\flexmark-ext-autolink-0.42.12.jar
[0m[32m[D][0m   => C:\Users\Saahil Nayyer\AppData\Local\Coursier\Cache\v1\https\repo1.maven.org\maven2\com\vladsch\flexmark\flexmark-ext-emoji\0.42.12\flexmark-ext-emoji-0.42.12.jar
[0m[32m[D][0m   => C:\Users\Saahil Nayyer\AppData\Local\Coursier\Cache\v1\https\repo1.maven.org\maven2\com\vladsch\flexmark\flexmark-ext-gfm-strikethrough\0.42.12\flexmark-ext-gfm-strikethrough-0.42.12.jar
[0m[32m[D][0m   => C:\Users\Saahil Nayyer\AppData\Local\Coursier\Cache\v1\https\repo1.maven.org\maven2\com\vladsch\flexmark\flexmark-ext-gfm-tables\0.42.12\flexmark-ext-gfm-tables-0.42.12.jar
[0m[32m[D][0m   => C:\Users\Saahil Nayyer\AppData\Local\Coursier\Cache\v1\https\repo1.maven.org\maven2\com\vladsch\flexmark\flexmark-ext-gfm-tasklist\0.42.12\flexmark-ext-gfm-tasklist-0.42.12.jar
[0m[32m[D][0m   => C:\Users\Saahil Nayyer\AppData\Local\Coursier\Cache\v1\https\repo1.maven.org\maven2\com\vladsch\flexmark\flexmark-ext-ins\0.42.12\flexmark-ext-ins-0.42.12.jar
[0m[32m[D][0m   => C:\Users\Saahil Nayyer\AppData\Local\Coursier\Cache\v1\https\repo1.maven.org\maven2\com\vladsch\flexmark\flexmark-ext-superscript\0.42.12\flexmark-ext-superscript-0.42.12.jar
[0m[32m[D][0m   => C:\Users\Saahil Nayyer\AppData\Local\Coursier\Cache\v1\https\repo1.maven.org\maven2\com\vladsch\flexmark\flexmark-ext-tables\0.42.12\flexmark-ext-tables-0.42.12.jar
[0m[32m[D][0m   => C:\Users\Saahil Nayyer\AppData\Local\Coursier\Cache\v1\https\repo1.maven.org\maven2\com\vladsch\flexmark\flexmark-ext-wikilink\0.42.12\flexmark-ext-wikilink-0.42.12.jar
[0m[32m[D][0m   => C:\Users\Saahil Nayyer\AppData\Local\Coursier\Cache\v1\https\repo1.maven.org\maven2\com\vladsch\flexmark\flexmark-ext-yaml-front-matter\0.42.12\flexmark-ext-yaml-front-matter-0.42.12.jar
[0m[32m[D][0m   => C:\Users\Saahil Nayyer\AppData\Local\Coursier\Cache\v1\https\repo1.maven.org\maven2\com\vladsch\flexmark\flexmark-formatter\0.42.12\flexmark-formatter-0.42.12.jar
[0m[32m[D][0m   => C:\Users\Saahil Nayyer\AppData\Local\Coursier\Cache\v1\https\repo1.maven.org\maven2\com\vladsch\flexmark\flexmark-html-parser\0.42.12\flexmark-html-parser-0.42.12.jar
[0m[32m[D][0m   => C:\Users\Saahil Nayyer\AppData\Local\Coursier\Cache\v1\https\repo1.maven.org\maven2\com\vladsch\flexmark\flexmark-jira-converter\0.42.12\flexmark-jira-converter-0.42.12.jar
[0m[32m[D][0m   => C:\Users\Saahil Nayyer\AppData\Local\Coursier\Cache\v1\https\repo1.maven.org\maven2\com\vladsch\flexmark\flexmark-util\0.42.12\flexmark-util-0.42.12.jar
[0m[32m[D][0m   => C:\Users\Saahil Nayyer\AppData\Local\Coursier\Cache\v1\https\repo1.maven.org\maven2\com\vladsch\flexmark\flexmark\0.42.12\flexmark-0.42.12.jar
[0m[32m[D][0m   => C:\Users\Saahil Nayyer\AppData\Local\Coursier\Cache\v1\https\repo1.maven.org\maven2\net\java\dev\jna\jna\5.3.1\jna-5.3.1.jar
[0m[32m[D][0m   => C:\Users\Saahil Nayyer\AppData\Local\Coursier\Cache\v1\https\repo1.maven.org\maven2\nl\big-o\liqp\0.6.7\liqp-0.6.7.jar
[0m[32m[D][0m   => C:\Users\Saahil Nayyer\AppData\Local\Coursier\Cache\v1\https\repo1.maven.org\maven2\org\antlr\ST4\4.0.7\ST4-4.0.7.jar
[0m[32m[D][0m   => C:\Users\Saahil Nayyer\AppData\Local\Coursier\Cache\v1\https\repo1.maven.org\maven2\org\antlr\antlr-runtime\3.5.1\antlr-runtime-3.5.1.jar
[0m[32m[D][0m   => C:\Users\Saahil Nayyer\AppData\Local\Coursier\Cache\v1\https\repo1.maven.org\maven2\org\antlr\antlr\3.5.1\antlr-3.5.1.jar
[0m[32m[D][0m   => C:\Users\Saahil Nayyer\AppData\Local\Coursier\Cache\v1\https\repo1.maven.org\maven2\org\jline\jline-reader\3.19.0\jline-reader-3.19.0.jar
[0m[32m[D][0m   => C:\Users\Saahil Nayyer\AppData\Local\Coursier\Cache\v1\https\repo1.maven.org\maven2\org\jline\jline-terminal-jna\3.19.0\jline-terminal-jna-3.19.0.jar
[0m[32m[D][0m   => C:\Users\Saahil Nayyer\AppData\Local\Coursier\Cache\v1\https\repo1.maven.org\maven2\org\jline\jline-terminal\3.19.0\jline-terminal-3.19.0.jar
[0m[32m[D][0m   => C:\Users\Saahil Nayyer\AppData\Local\Coursier\Cache\v1\https\repo1.maven.org\maven2\org\jsoup\jsoup\1.13.1\jsoup-1.13.1.jar
[0m[32m[D][0m   => C:\Users\Saahil Nayyer\AppData\Local\Coursier\Cache\v1\https\repo1.maven.org\maven2\org\nibor\autolink\autolink\0.6.0\autolink-0.6.0.jar
[0m[32m[D][0m   => C:\Users\Saahil Nayyer\AppData\Local\Coursier\Cache\v1\https\repo1.maven.org\maven2\org\scala-lang\modules\scala-asm\9.1.0-scala-1\scala-asm-9.1.0-scala-1.jar
[0m[32m[D][0m   => C:\Users\Saahil Nayyer\AppData\Local\Coursier\Cache\v1\https\repo1.maven.org\maven2\org\scala-lang\scala-library\2.13.5\scala-library-2.13.5.jar
[0m[32m[D][0m   => C:\Users\Saahil Nayyer\AppData\Local\Coursier\Cache\v1\https\repo1.maven.org\maven2\org\scala-lang\scala3-compiler_3\3.0.0\scala3-compiler_3-3.0.0.jar
[0m[32m[D][0m   => C:\Users\Saahil Nayyer\AppData\Local\Coursier\Cache\v1\https\repo1.maven.org\maven2\org\scala-lang\scala3-interfaces\3.0.0\scala3-interfaces-3.0.0.jar
[0m[32m[D][0m   => C:\Users\Saahil Nayyer\AppData\Local\Coursier\Cache\v1\https\repo1.maven.org\maven2\org\scala-lang\scala3-library_3\3.0.0\scala3-library_3-3.0.0.jar
[0m[32m[D][0m   => C:\Users\Saahil Nayyer\AppData\Local\Coursier\Cache\v1\https\repo1.maven.org\maven2\org\scala-lang\scala3-tasty-inspector_3\3.0.0\scala3-tasty-inspector_3-3.0.0.jar
[0m[32m[D][0m   => C:\Users\Saahil Nayyer\AppData\Local\Coursier\Cache\v1\https\repo1.maven.org\maven2\org\scala-lang\scaladoc_3\3.0.0\scaladoc_3-3.0.0.jar
[0m[32m[D][0m   => C:\Users\Saahil Nayyer\AppData\Local\Coursier\Cache\v1\https\repo1.maven.org\maven2\org\scala-lang\tasty-core_3\3.0.0\tasty-core_3-3.0.0.jar
[0m[32m[D][0m   => C:\Users\Saahil Nayyer\AppData\Local\Coursier\Cache\v1\https\repo1.maven.org\maven2\org\scala-sbt\compiler-interface\1.3.5\compiler-interface-1.3.5.jar
[0m[32m[D][0m   => C:\Users\Saahil Nayyer\AppData\Local\Coursier\Cache\v1\https\repo1.maven.org\maven2\org\scala-sbt\util-interface\1.3.0\util-interface-1.3.0.jar
[0m[32m[D][0m   => C:\Users\Saahil Nayyer\AppData\Local\Coursier\Cache\v1\https\repo1.maven.org\maven2\org\yaml\snakeyaml\1.23\snakeyaml-1.23.jar
[0m[32m[D][0m Missing analysis file for project 'scala-project-test'
[0m[32m[D][0m Loading previous analysis for 'scala-project' from 'D:\Coursera\Scala\scala-project\target\streams\compile\bloopAnalysisOut\_global\streams\inc_compile_3.zip'.
[0m[32m[D][0m Waiting for a connection at 127.0.0.1:17479...
The server is listening for incoming connections at tcp://127.0.0.1:17479...
Starting thread that pumps stdin and redirects it to the bsp server...
Starting thread that pumps server stdout and redirects it to the client stdout...
[0m2022.01.01 19:08:04 INFO  tracing is disabled for protocol BSP, to enable tracing of incoming and outgoing JSON messages create an empty file at C:\Users\Saahil Nayyer\AppData\Local\scalameta\metals\cache\bsp.trace.json[0m
[0m2022.01.01 19:08:04 INFO  Attempting to connect to the build server...[0m
Starting the bsp launcher for bloop...
Opening a bsp server connection with 'bsp --protocol tcp --port 29403'...
Waiting for the bsp connection to come up...
[0m[32m[D][0m Loading workspace settings from bloop.settings.json
[0m[32m[D][0m Waiting for a connection at 127.0.0.1:29403...
The server is listening for incoming connections at tcp://127.0.0.1:29403...
Starting thread that pumps stdin and redirects it to the bsp server...
Starting thread that pumps server stdout and redirects it to the client stdout...
[0m2022.01.01 19:08:04 INFO  tracing is disabled for protocol BSP, to enable tracing of incoming and outgoing JSON messages create an empty file at C:\Users\Saahil Nayyer\AppData\Local\scalameta\metals\cache\bsp.trace.json[0m
[0m2022.01.01 19:08:04 INFO  time: Connected to build server in 10s[0m
[0m2022.01.01 19:08:04 INFO  Connected to Build server: Bloop v1.4.11[0m
[0m2022.01.01 19:08:05 INFO  time: Imported build in 0.23s[0m
[0m2022.01.01 19:08:11 INFO  shutting down Metals[0m
[0m2022.01.01 19:08:11 INFO  Shut down connection with build server.[0m
No more data in the client stdin, exiting...
No more data in the server stdin, exiting...
[0m2022.01.01 19:08:11 INFO  Shut down connection with build server.[0m
No more data in the client stdin, exiting...
No more data in the server stdin, exiting...
